[I 11:33:20.803 NotebookApp] Loading IPython parallel extension
[I 11:33:20.815 NotebookApp] Serving notebooks from local directory: /Users/yexianyong/Desktop/jupyter_notebook
[I 11:33:20.815 NotebookApp] 0 active kernels
[I 11:33:20.815 NotebookApp] The Jupyter Notebook is running at:
[I 11:33:20.815 NotebookApp] http://localhost:8888/?token=f710080a40a3db73363ef73b8d883259ae1d70c6db1e2b50
[I 11:33:20.815 NotebookApp] Use Control-C to stop this server and shut down all kernels (twice to skip confirmation).
[C 11:33:20.816 NotebookApp] 
    
    Copy/paste this URL into your browser when you connect for the first time,
    to login with a token:
        http://localhost:8888/?token=f710080a40a3db73363ef73b8d883259ae1d70c6db1e2b50
[I 11:33:21.014 NotebookApp] Accepting one-time-token-authenticated connection from ::1
[W 11:33:21.814 NotebookApp] 404 GET /i18n/zh-CN/LC_MESSAGES/nbjs.json?v=20180319113320 (::1) 17.27ms referer=http://localhost:8888/tree
[W 11:33:21.817 NotebookApp] 404 GET /static/components/moment/locale/zh-cn.js?v=20180319113320 (::1) 2.44ms referer=http://localhost:8888/tree
[W 11:33:25.421 NotebookApp] 404 GET /i18n/zh-CN/LC_MESSAGES/nbjs.json?v=20180319113320 (::1) 2.55ms referer=http://localhost:8888/tree/%E5%B7%A5%E5%85%B7%E5%AD%A6%E4%B9%A0
[W 11:33:25.426 NotebookApp] 404 GET /static/components/moment/locale/zh-cn.js?v=20180319113320 (::1) 2.91ms referer=http://localhost:8888/tree/%E5%B7%A5%E5%85%B7%E5%AD%A6%E4%B9%A0
[W 11:33:28.253 NotebookApp] 404 GET /i18n/zh-CN/LC_MESSAGES/nbjs.json?v=20180319113320 (::1) 1.85ms referer=http://localhost:8888/notebooks/%E5%B7%A5%E5%85%B7%E5%AD%A6%E4%B9%A0/python.ipynb
[W 11:33:28.262 NotebookApp] 404 GET /static/components/moment/locale/zh-cn.js?v=20180319113320 (::1) 1.93ms referer=http://localhost:8888/notebooks/%E5%B7%A5%E5%85%B7%E5%AD%A6%E4%B9%A0/python.ipynb
[W 11:33:28.280 NotebookApp] 404 GET /nbextensions/widgets/notebook/js/extension.js?v=20180319113320 (::1) 3.10ms referer=http://localhost:8888/notebooks/%E5%B7%A5%E5%85%B7%E5%AD%A6%E4%B9%A0/python.ipynb
[I 11:33:28.552 NotebookApp] Kernel started: 256cd231-7ca0-494b-84e9-bf22e83911c8
[I 11:33:29.818 NotebookApp] Adapting to protocol v5.1 for kernel 256cd231-7ca0-494b-84e9-bf22e83911c8
[I 11:35:28.853 NotebookApp] Saving file at /工具学习/python.ipynb
[W 11:52:52.949 NotebookApp] 404 GET /static/components/moment/locale/zh-cn.js?v=20180319113320 (::1) 2.18ms referer=http://localhost:8888/notebooks/%E6%9C%BA%E5%99%A8%E5%AD%A6%E4%B9%A0/%E7%A5%9E%E7%BB%8F%E7%BD%91%E7%BB%9C%E5%92%8C%E5%8F%8D%E5%90%91%E4%BC%A0%E6%92%AD-Copy1.ipynb
[W 11:52:52.953 NotebookApp] 404 GET /i18n/zh-CN/LC_MESSAGES/nbjs.json?v=20180319113320 (::1) 1.90ms referer=http://localhost:8888/notebooks/%E6%9C%BA%E5%99%A8%E5%AD%A6%E4%B9%A0/%E7%A5%9E%E7%BB%8F%E7%BD%91%E7%BB%9C%E5%92%8C%E5%8F%8D%E5%90%91%E4%BC%A0%E6%92%AD-Copy1.ipynb
[W 11:52:52.958 NotebookApp] 404 GET /nbextensions/widgets/notebook/js/extension.js?v=20180319113320 (::1) 1.87ms referer=http://localhost:8888/notebooks/%E6%9C%BA%E5%99%A8%E5%AD%A6%E4%B9%A0/%E7%A5%9E%E7%BB%8F%E7%BD%91%E7%BB%9C%E5%92%8C%E5%8F%8D%E5%90%91%E4%BC%A0%E6%92%AD-Copy1.ipynb
[I 11:52:53.533 NotebookApp] Kernel started: 569e5f39-f3dd-494b-af2d-530c863031e6
[I 11:52:54.590 NotebookApp] Adapting to protocol v5.1 for kernel 569e5f39-f3dd-494b-af2d-530c863031e6
[I 13:15:31.024 NotebookApp] 302 GET / (::1) 0.52ms
[W 13:15:31.447 NotebookApp] 404 GET /i18n/zh-CN/LC_MESSAGES/nbjs.json?v=20180319113320 (::1) 2.02ms referer=http://localhost:8888/tree?
[W 13:15:31.452 NotebookApp] 404 GET /static/components/moment/locale/zh-cn.js?v=20180319113320 (::1) 1.82ms referer=http://localhost:8888/tree?
[W 13:16:10.167 NotebookApp] 404 GET /i18n/zh-CN/LC_MESSAGES/nbjs.json?v=20180319113320 (::1) 1.99ms referer=http://localhost:8888/tree
[W 13:16:10.172 NotebookApp] 404 GET /static/components/moment/locale/zh-cn.js?v=20180319113320 (::1) 1.78ms referer=http://localhost:8888/tree
[W 13:16:11.591 NotebookApp] 404 GET /i18n/zh-CN/LC_MESSAGES/nbjs.json?v=20180319113320 (::1) 1.95ms referer=http://localhost:8888/tree/%E6%9C%BA%E5%99%A8%E5%AD%A6%E4%B9%A0
[W 13:16:11.595 NotebookApp] 404 GET /static/components/moment/locale/zh-cn.js?v=20180319113320 (::1) 1.77ms referer=http://localhost:8888/tree/%E6%9C%BA%E5%99%A8%E5%AD%A6%E4%B9%A0
[I 13:16:26.134 NotebookApp] Kernel shutdown: 569e5f39-f3dd-494b-af2d-530c863031e6
[W 13:16:26.137 NotebookApp] delete /机器学习/神经网络和反向传播-Copy1.ipynb
[W 13:16:30.307 NotebookApp] 404 GET /i18n/zh-CN/LC_MESSAGES/nbjs.json?v=20180319113320 (::1) 1.70ms referer=http://localhost:8888/notebooks/%E6%9C%BA%E5%99%A8%E5%AD%A6%E4%B9%A0/tensorflow-MNIST%E6%9C%BA%E5%99%A8%E5%AD%A6%E4%B9%A0%E5%85%A5%E9%97%A8.ipynb
[W 13:16:30.310 NotebookApp] 404 GET /static/components/moment/locale/zh-cn.js?v=20180319113320 (::1) 2.19ms referer=http://localhost:8888/notebooks/%E6%9C%BA%E5%99%A8%E5%AD%A6%E4%B9%A0/tensorflow-MNIST%E6%9C%BA%E5%99%A8%E5%AD%A6%E4%B9%A0%E5%85%A5%E9%97%A8.ipynb
[W 13:16:30.327 NotebookApp] 404 GET /nbextensions/widgets/notebook/js/extension.js?v=20180319113320 (::1) 2.63ms referer=http://localhost:8888/notebooks/%E6%9C%BA%E5%99%A8%E5%AD%A6%E4%B9%A0/tensorflow-MNIST%E6%9C%BA%E5%99%A8%E5%AD%A6%E4%B9%A0%E5%85%A5%E9%97%A8.ipynb
[I 13:16:30.594 NotebookApp] Kernel started: d06d8bfb-26a4-49ed-824c-d6f7f492f722
[I 13:16:31.815 NotebookApp] Adapting to protocol v5.1 for kernel d06d8bfb-26a4-49ed-824c-d6f7f492f722
[I 13:18:30.592 NotebookApp] Saving file at /机器学习/tensorflow-MNIST机器学习入门.ipynb
[I 13:22:31.541 NotebookApp] Saving file at /机器学习/tensorflow-MNIST机器学习入门.ipynb
[I 13:24:31.460 NotebookApp] Saving file at /机器学习/tensorflow-MNIST机器学习入门.ipynb
[I 13:26:31.458 NotebookApp] Saving file at /机器学习/tensorflow-MNIST机器学习入门.ipynb
[I 13:28:31.455 NotebookApp] Saving file at /机器学习/tensorflow-MNIST机器学习入门.ipynb
2018-03-19 13:29:01.772277: I tensorflow/core/platform/cpu_feature_guard.cc:137] Your CPU supports instructions that this TensorFlow binary was not compiled to use: SSE4.2 AVX
[I 13:30:31.457 NotebookApp] Saving file at /机器学习/tensorflow-MNIST机器学习入门.ipynb
[I 13:32:31.455 NotebookApp] Saving file at /机器学习/tensorflow-MNIST机器学习入门.ipynb
[I 13:34:31.454 NotebookApp] Saving file at /机器学习/tensorflow-MNIST机器学习入门.ipynb
[I 13:36:31.448 NotebookApp] Saving file at /机器学习/tensorflow-MNIST机器学习入门.ipynb
[I 13:38:31.454 NotebookApp] Saving file at /机器学习/tensorflow-MNIST机器学习入门.ipynb
[I 13:39:41.365 NotebookApp] Saving file at /机器学习/tensorflow-MNIST机器学习入门.ipynb
[I 13:39:41.782 NotebookApp] Saving file at /机器学习/tensorflow-MNIST机器学习入门.ipynb
[I 13:40:40.602 NotebookApp] Starting buffering for d06d8bfb-26a4-49ed-824c-d6f7f492f722:8CEA41F3AEB14D89A8632D5F7E3E9C5A
[I 13:40:47.780 NotebookApp] Creating new notebook in /机器学习
[W 13:40:48.222 NotebookApp] 404 GET /i18n/zh-CN/LC_MESSAGES/nbjs.json?v=20180319113320 (::1) 1.96ms referer=http://localhost:8888/notebooks/%E6%9C%BA%E5%99%A8%E5%AD%A6%E4%B9%A0/Untitled.ipynb?kernel_name=python3
[W 13:40:48.225 NotebookApp] 404 GET /static/components/moment/locale/zh-cn.js?v=20180319113320 (::1) 1.93ms referer=http://localhost:8888/notebooks/%E6%9C%BA%E5%99%A8%E5%AD%A6%E4%B9%A0/Untitled.ipynb?kernel_name=python3
[I 13:40:48.323 NotebookApp] Kernel started: a7dc9788-3d31-4e6f-9dae-9c7827387519
[W 13:40:48.331 NotebookApp] 404 GET /nbextensions/widgets/notebook/js/extension.js?v=20180319113320 (::1) 2.87ms referer=http://localhost:8888/notebooks/%E6%9C%BA%E5%99%A8%E5%AD%A6%E4%B9%A0/Untitled.ipynb?kernel_name=python3
[I 13:40:49.554 NotebookApp] Adapting to protocol v5.1 for kernel a7dc9788-3d31-4e6f-9dae-9c7827387519
[W 13:41:54.192 NotebookApp] 404 GET /static/components/moment/locale/zh-cn.js?v=20180319113320 (::1) 2.03ms referer=http://localhost:8888/notebooks/%E6%9C%BA%E5%99%A8%E5%AD%A6%E4%B9%A0/tensorflow-MNIST%E6%9C%BA%E5%99%A8%E5%AD%A6%E4%B9%A0%E5%85%A5%E9%97%A8.ipynb
[W 13:41:54.195 NotebookApp] 404 GET /i18n/zh-CN/LC_MESSAGES/nbjs.json?v=20180319113320 (::1) 1.66ms referer=http://localhost:8888/notebooks/%E6%9C%BA%E5%99%A8%E5%AD%A6%E4%B9%A0/tensorflow-MNIST%E6%9C%BA%E5%99%A8%E5%AD%A6%E4%B9%A0%E5%85%A5%E9%97%A8.ipynb
[W 13:41:54.213 NotebookApp] 404 GET /nbextensions/widgets/notebook/js/extension.js?v=20180319113320 (::1) 1.97ms referer=http://localhost:8888/notebooks/%E6%9C%BA%E5%99%A8%E5%AD%A6%E4%B9%A0/tensorflow-MNIST%E6%9C%BA%E5%99%A8%E5%AD%A6%E4%B9%A0%E5%85%A5%E9%97%A8.ipynb
[I 13:41:54.547 NotebookApp] Adapting to protocol v5.1 for kernel d06d8bfb-26a4-49ed-824c-d6f7f492f722
[I 13:42:48.326 NotebookApp] Saving file at /机器学习/tensorflow-深入MNIST.ipynb
[I 13:44:48.323 NotebookApp] Saving file at /机器学习/tensorflow-深入MNIST.ipynb
[I 13:46:48.321 NotebookApp] Saving file at /机器学习/tensorflow-深入MNIST.ipynb
[I 13:56:48.315 NotebookApp] Saving file at /机器学习/tensorflow-深入MNIST.ipynb
[I 13:58:48.313 NotebookApp] Saving file at /机器学习/tensorflow-深入MNIST.ipynb
[I 14:18:48.306 NotebookApp] Saving file at /机器学习/tensorflow-深入MNIST.ipynb
2018-03-19 14:20:17.714151: I tensorflow/core/platform/cpu_feature_guard.cc:137] Your CPU supports instructions that this TensorFlow binary was not compiled to use: SSE4.2 AVX
[I 14:20:48.288 NotebookApp] Saving file at /机器学习/tensorflow-深入MNIST.ipynb
[I 14:22:48.293 NotebookApp] Saving file at /机器学习/tensorflow-深入MNIST.ipynb
[I 14:24:48.288 NotebookApp] Saving file at /机器学习/tensorflow-深入MNIST.ipynb
[I 14:26:48.287 NotebookApp] Saving file at /机器学习/tensorflow-深入MNIST.ipynb
[I 14:28:48.283 NotebookApp] Saving file at /机器学习/tensorflow-深入MNIST.ipynb
[I 14:30:48.279 NotebookApp] Saving file at /机器学习/tensorflow-深入MNIST.ipynb
[I 14:32:48.278 NotebookApp] Saving file at /机器学习/tensorflow-深入MNIST.ipynb
[I 14:36:48.274 NotebookApp] Saving file at /机器学习/tensorflow-深入MNIST.ipynb
[I 14:38:48.277 NotebookApp] Saving file at /机器学习/tensorflow-深入MNIST.ipynb
[I 14:44:48.268 NotebookApp] Saving file at /机器学习/tensorflow-深入MNIST.ipynb
[I 14:46:48.268 NotebookApp] Saving file at /机器学习/tensorflow-深入MNIST.ipynb
[I 14:48:48.263 NotebookApp] Saving file at /机器学习/tensorflow-深入MNIST.ipynb
[I 14:50:48.263 NotebookApp] Saving file at /机器学习/tensorflow-深入MNIST.ipynb
[I 14:51:49.971 NotebookApp] Saving file at /机器学习/tensorflow-深入MNIST.ipynb
[I 14:51:50.342 NotebookApp] Saving file at /机器学习/tensorflow-深入MNIST.ipynb
[I 14:51:50.578 NotebookApp] Saving file at /机器学习/tensorflow-深入MNIST.ipynb
[I 14:51:50.780 NotebookApp] Saving file at /机器学习/tensorflow-深入MNIST.ipynb
[I 14:51:50.982 NotebookApp] Saving file at /机器学习/tensorflow-深入MNIST.ipynb
[I 14:52:48.260 NotebookApp] Saving file at /机器学习/tensorflow-深入MNIST.ipynb
[I 15:04:35.443 NotebookApp] Saving file at /机器学习/tensorflow-深入MNIST.ipynb
[I 15:04:35.489 NotebookApp] Starting buffering for a7dc9788-3d31-4e6f-9dae-9c7827387519:7A69DAE3019E458B82D0BD20CB3A9A86
[W 15:04:40.107 NotebookApp] 404 GET /i18n/zh-CN/LC_MESSAGES/nbjs.json?v=20180319113320 (::1) 2.26ms referer=http://localhost:8888/tree/%E6%9C%BA%E5%99%A8%E5%AD%A6%E4%B9%A0
[W 15:04:40.113 NotebookApp] 404 GET /static/components/moment/locale/zh-cn.js?v=20180319113320 (::1) 1.98ms referer=http://localhost:8888/tree/%E6%9C%BA%E5%99%A8%E5%AD%A6%E4%B9%A0
[I 15:04:45.223 NotebookApp] Kernel shutdown: a7dc9788-3d31-4e6f-9dae-9c7827387519
[W 15:04:45.225 NotebookApp] delete /机器学习/tensorflow-深入MNIST.ipynb
[W 15:06:24.679 NotebookApp] 404 GET /nbextensions/widgets/notebook/js/extension.js?v=20180319113320 (::1) 4.18ms referer=http://localhost:8888/notebooks/%E6%9C%BA%E5%99%A8%E5%AD%A6%E4%B9%A0/%E5%8D%B7%E7%A7%AF%E7%A5%9E%E7%BB%8F%E7%BD%91%E7%BB%9C.ipynb
[W 15:06:24.682 NotebookApp] 404 GET /static/components/moment/locale/zh-cn.js?v=20180319113320 (::1) 2.26ms referer=http://localhost:8888/notebooks/%E6%9C%BA%E5%99%A8%E5%AD%A6%E4%B9%A0/%E5%8D%B7%E7%A7%AF%E7%A5%9E%E7%BB%8F%E7%BD%91%E7%BB%9C.ipynb
[W 15:06:24.684 NotebookApp] 404 GET /i18n/zh-CN/LC_MESSAGES/nbjs.json?v=20180319113320 (::1) 1.79ms referer=http://localhost:8888/notebooks/%E6%9C%BA%E5%99%A8%E5%AD%A6%E4%B9%A0/%E5%8D%B7%E7%A7%AF%E7%A5%9E%E7%BB%8F%E7%BD%91%E7%BB%9C.ipynb
[I 15:06:25.394 NotebookApp] Kernel started: a2595ace-35f6-4914-920c-22f5961d19a6
[I 15:06:26.645 NotebookApp] Adapting to protocol v5.1 for kernel a2595ace-35f6-4914-920c-22f5961d19a6
[I 15:25:48.419 NotebookApp] Saving file at /机器学习/tensorflow-MNIST机器学习入门.ipynb
[I 15:25:48.720 NotebookApp] Saving file at /机器学习/tensorflow-MNIST机器学习入门.ipynb
[I 15:26:08.056 NotebookApp] Creating new notebook in /机器学习
[W 15:26:08.542 NotebookApp] 404 GET /i18n/zh-CN/LC_MESSAGES/nbjs.json?v=20180319113320 (::1) 1.94ms referer=http://localhost:8888/notebooks/%E6%9C%BA%E5%99%A8%E5%AD%A6%E4%B9%A0/Untitled.ipynb?kernel_name=python3
[W 15:26:08.547 NotebookApp] 404 GET /static/components/moment/locale/zh-cn.js?v=20180319113320 (::1) 1.91ms referer=http://localhost:8888/notebooks/%E6%9C%BA%E5%99%A8%E5%AD%A6%E4%B9%A0/Untitled.ipynb?kernel_name=python3
[I 15:26:08.656 NotebookApp] Kernel started: c6535e4d-7eb1-4599-a925-74e0ee3ffc35
[W 15:26:08.662 NotebookApp] 404 GET /nbextensions/widgets/notebook/js/extension.js?v=20180319113320 (::1) 3.36ms referer=http://localhost:8888/notebooks/%E6%9C%BA%E5%99%A8%E5%AD%A6%E4%B9%A0/Untitled.ipynb?kernel_name=python3
[I 15:26:09.583 NotebookApp] Adapting to protocol v5.1 for kernel c6535e4d-7eb1-4599-a925-74e0ee3ffc35
2018-03-19 15:27:03.307249: I tensorflow/core/platform/cpu_feature_guard.cc:137] Your CPU supports instructions that this TensorFlow binary was not compiled to use: SSE4.2 AVX
[I 15:28:08.649 NotebookApp] Saving file at /机器学习/Untitled.ipynb
[I 15:30:08.645 NotebookApp] Saving file at /机器学习/Untitled.ipynb
[I 15:32:08.646 NotebookApp] Saving file at /机器学习/Untitled.ipynb
[I 15:34:08.648 NotebookApp] Saving file at /机器学习/Untitled.ipynb
[I 16:06:08.614 NotebookApp] Saving file at /机器学习/Untitled.ipynb
[I 16:08:08.611 NotebookApp] Saving file at /机器学习/Untitled.ipynb
[I 16:10:08.606 NotebookApp] Saving file at /机器学习/Untitled.ipynb
[I 16:12:08.607 NotebookApp] Saving file at /机器学习/Untitled.ipynb
[I 16:13:54.384 NotebookApp] Saving file at /机器学习/tensorflow-MNIST机器学习入门.ipynb
[I 16:15:54.383 NotebookApp] Saving file at /机器学习/tensorflow-MNIST机器学习入门.ipynb
[I 16:16:38.208 NotebookApp] Saving file at /机器学习/tensorflow-MNIST机器学习入门.ipynb
[I 16:16:39.649 NotebookApp] Saving file at /机器学习/tensorflow-MNIST机器学习入门.ipynb
[I 16:16:39.933 NotebookApp] Saving file at /机器学习/tensorflow-MNIST机器学习入门.ipynb
[I 16:16:40.113 NotebookApp] Saving file at /机器学习/tensorflow-MNIST机器学习入门.ipynb
[I 16:16:40.271 NotebookApp] Saving file at /机器学习/tensorflow-MNIST机器学习入门.ipynb
[I 16:16:40.450 NotebookApp] Saving file at /机器学习/tensorflow-MNIST机器学习入门.ipynb
[I 16:17:54.379 NotebookApp] Saving file at /机器学习/tensorflow-MNIST机器学习入门.ipynb
[I 16:18:53.275 NotebookApp] Saving file at /机器学习/tensorflow-MNIST机器学习入门.ipynb
[I 16:18:53.544 NotebookApp] Saving file at /机器学习/tensorflow-MNIST机器学习入门.ipynb
[I 16:18:53.741 NotebookApp] Saving file at /机器学习/tensorflow-MNIST机器学习入门.ipynb
[I 16:19:54.377 NotebookApp] Saving file at /机器学习/tensorflow-MNIST机器学习入门.ipynb
[I 16:20:17.628 NotebookApp] Saving file at /机器学习/tensorflow-MNIST机器学习入门.ipynb
[I 16:20:17.908 NotebookApp] Saving file at /机器学习/tensorflow-MNIST机器学习入门.ipynb
[I 16:20:18.135 NotebookApp] Saving file at /机器学习/tensorflow-MNIST机器学习入门.ipynb
[I 16:22:08.602 NotebookApp] Saving file at /机器学习/tensorflow-深入MNIST.ipynb
[I 16:24:08.593 NotebookApp] Saving file at /机器学习/tensorflow-深入MNIST.ipynb
[I 16:26:08.591 NotebookApp] Saving file at /机器学习/tensorflow-深入MNIST.ipynb
[I 16:28:08.588 NotebookApp] Saving file at /机器学习/tensorflow-深入MNIST.ipynb
[I 16:45:14.920 NotebookApp] Starting buffering for 256cd231-7ca0-494b-84e9-bf22e83911c8:4B6CA3EEA2B146F6946864383D0453D9
[I 16:45:18.898 NotebookApp] Saving file at /机器学习/tensorflow-MNIST机器学习入门.ipynb
[I 16:45:19.144 NotebookApp] Saving file at /机器学习/tensorflow-MNIST机器学习入门.ipynb
[I 16:45:19.324 NotebookApp] Saving file at /机器学习/tensorflow-MNIST机器学习入门.ipynb
[I 16:45:20.672 NotebookApp] Starting buffering for d06d8bfb-26a4-49ed-824c-d6f7f492f722:EC7DFA036D2542F583A0FE9F5E79F2D2
[I 16:48:08.569 NotebookApp] Saving file at /机器学习/tensorflow-深入MNIST.ipynb
[W 16:48:38.939 NotebookApp] 404 GET /static/components/moment/locale/zh-cn.js?v=20180319113320 (::1) 1.81ms referer=http://localhost:8888/tree
[W 16:48:38.996 NotebookApp] 404 GET /i18n/zh-CN/LC_MESSAGES/nbjs.json?v=20180319113320 (::1) 1.91ms referer=http://localhost:8888/tree
[W 16:48:40.991 NotebookApp] 404 GET /i18n/zh-CN/LC_MESSAGES/nbjs.json?v=20180319113320 (::1) 2.24ms referer=http://localhost:8888/tree/%E5%B7%A5%E5%85%B7%E5%AD%A6%E4%B9%A0
[W 16:48:40.996 NotebookApp] 404 GET /static/components/moment/locale/zh-cn.js?v=20180319113320 (::1) 1.95ms referer=http://localhost:8888/tree/%E5%B7%A5%E5%85%B7%E5%AD%A6%E4%B9%A0
[W 16:48:48.994 NotebookApp] 404 GET /static/components/moment/locale/zh-cn.js?v=20180319113320 (::1) 2.71ms referer=http://localhost:8888/notebooks/%E5%B7%A5%E5%85%B7%E5%AD%A6%E4%B9%A0/numpy.ipynb
[W 16:48:48.999 NotebookApp] 404 GET /nbextensions/widgets/notebook/js/extension.js?v=20180319113320 (::1) 2.13ms referer=http://localhost:8888/notebooks/%E5%B7%A5%E5%85%B7%E5%AD%A6%E4%B9%A0/numpy.ipynb
[W 16:48:49.003 NotebookApp] 404 GET /i18n/zh-CN/LC_MESSAGES/nbjs.json?v=20180319113320 (::1) 2.41ms referer=http://localhost:8888/notebooks/%E5%B7%A5%E5%85%B7%E5%AD%A6%E4%B9%A0/numpy.ipynb
[I 16:48:50.391 NotebookApp] Kernel started: 836bfd90-6bf7-43a7-bb50-be20d18ad2a5
[I 16:48:51.848 NotebookApp] Adapting to protocol v5.1 for kernel 836bfd90-6bf7-43a7-bb50-be20d18ad2a5
[I 16:49:09.280 NotebookApp] Starting buffering for 836bfd90-6bf7-43a7-bb50-be20d18ad2a5:9B4A583A63E748A88E2D09B72E45D84B
[W 16:49:12.556 NotebookApp] 404 GET /i18n/zh-CN/LC_MESSAGES/nbjs.json?v=20180319113320 (::1) 2.19ms referer=http://localhost:8888/notebooks/%E5%B7%A5%E5%85%B7%E5%AD%A6%E4%B9%A0/python.ipynb
[W 16:49:12.563 NotebookApp] 404 GET /static/components/moment/locale/zh-cn.js?v=20180319113320 (::1) 1.86ms referer=http://localhost:8888/notebooks/%E5%B7%A5%E5%85%B7%E5%AD%A6%E4%B9%A0/python.ipynb
[W 16:49:12.756 NotebookApp] 404 GET /nbextensions/widgets/notebook/js/extension.js?v=20180319113320 (::1) 2.34ms referer=http://localhost:8888/notebooks/%E5%B7%A5%E5%85%B7%E5%AD%A6%E4%B9%A0/python.ipynb
[I 16:49:12.799 NotebookApp] Adapting to protocol v5.1 for kernel 256cd231-7ca0-494b-84e9-bf22e83911c8
[I 16:51:12.743 NotebookApp] Saving file at /工具学习/python.ipynb
[I 16:55:13.670 NotebookApp] Saving file at /工具学习/python.ipynb
[I 16:56:08.561 NotebookApp] Saving file at /机器学习/tensorflow-深入MNIST.ipynb
[I 16:58:08.558 NotebookApp] Saving file at /机器学习/tensorflow-深入MNIST.ipynb
[I 17:00:08.553 NotebookApp] Saving file at /机器学习/tensorflow-深入MNIST.ipynb
[I 17:01:12.729 NotebookApp] Saving file at /工具学习/python.ipynb
[I 17:03:13.656 NotebookApp] Saving file at /工具学习/python.ipynb
[I 17:06:08.548 NotebookApp] Saving file at /机器学习/tensorflow-深入MNIST.ipynb
[I 17:08:08.547 NotebookApp] Saving file at /机器学习/tensorflow-深入MNIST.ipynb
[I 17:10:08.543 NotebookApp] Saving file at /机器学习/tensorflow-深入MNIST.ipynb
[I 17:12:08.545 NotebookApp] Saving file at /机器学习/tensorflow-深入MNIST.ipynb
[I 17:13:19.392 NotebookApp] Saving file at /机器学习/tensorflow-深入MNIST.ipynb
[I 17:13:20.280 NotebookApp] Saving file at /机器学习/tensorflow-深入MNIST.ipynb
[I 17:30:08.528 NotebookApp] Saving file at /机器学习/tensorflow-深入MNIST.ipynb
[I 17:32:08.522 NotebookApp] Saving file at /机器学习/tensorflow-深入MNIST.ipynb
[I 17:34:08.518 NotebookApp] Saving file at /机器学习/tensorflow-深入MNIST.ipynb
[I 17:36:08.516 NotebookApp] Saving file at /机器学习/tensorflow-深入MNIST.ipynb
[I 17:38:08.516 NotebookApp] Saving file at /机器学习/tensorflow-深入MNIST.ipynb
[I 17:40:08.515 NotebookApp] Saving file at /机器学习/tensorflow-深入MNIST.ipynb
[I 17:59:12.686 NotebookApp] Saving file at /工具学习/python.ipynb
[I 18:00:08.500 NotebookApp] Saving file at /机器学习/tensorflow-深入MNIST.ipynb
[I 18:02:08.493 NotebookApp] Saving file at /机器学习/tensorflow-深入MNIST.ipynb
[I 18:04:38.851 NotebookApp] Starting buffering for c6535e4d-7eb1-4599-a925-74e0ee3ffc35:EE7B13FAA3A6440D8D877BE786DB9FF2
[I 18:04:39.923 NotebookApp] Kernel restarted: c6535e4d-7eb1-4599-a925-74e0ee3ffc35
[I 18:04:41.180 NotebookApp] Adapting to protocol v5.1 for kernel c6535e4d-7eb1-4599-a925-74e0ee3ffc35
[I 18:04:41.181 NotebookApp] Restoring connection for c6535e4d-7eb1-4599-a925-74e0ee3ffc35:EE7B13FAA3A6440D8D877BE786DB9FF2
[I 18:04:41.181 NotebookApp] Replaying 6 buffered messages
[I 18:06:08.492 NotebookApp] Saving file at /机器学习/tensorflow-深入MNIST.ipynb
[I 18:08:08.487 NotebookApp] Saving file at /机器学习/tensorflow-深入MNIST.ipynb
2018-03-19 18:08:20.644083: I tensorflow/core/platform/cpu_feature_guard.cc:137] Your CPU supports instructions that this TensorFlow binary was not compiled to use: SSE4.2 AVX
[I 18:10:08.486 NotebookApp] Saving file at /机器学习/tensorflow-深入MNIST.ipynb
[I 18:12:08.485 NotebookApp] Saving file at /机器学习/tensorflow-深入MNIST.ipynb
[I 18:14:08.480 NotebookApp] Saving file at /机器学习/tensorflow-深入MNIST.ipynb
[I 18:16:09.129 NotebookApp] Saving file at /机器学习/tensorflow-深入MNIST.ipynb
[I 18:22:08.475 NotebookApp] Saving file at /机器学习/tensorflow-深入MNIST.ipynb
[I 18:22:26.463 NotebookApp] Saving file at /机器学习/tensorflow-深入MNIST.ipynb
[I 18:24:08.474 NotebookApp] Saving file at /机器学习/tensorflow-深入MNIST.ipynb
[I 18:26:04.539 NotebookApp] Saving file at /机器学习/tensorflow-深入MNIST.ipynb
[I 18:26:39.550 NotebookApp] Kernel interrupted: c6535e4d-7eb1-4599-a925-74e0ee3ffc35
[I 18:26:46.493 NotebookApp] Starting buffering for c6535e4d-7eb1-4599-a925-74e0ee3ffc35:EE7B13FAA3A6440D8D877BE786DB9FF2
[I 18:26:47.644 NotebookApp] Kernel restarted: c6535e4d-7eb1-4599-a925-74e0ee3ffc35
[I 18:26:48.526 NotebookApp] Adapting to protocol v5.1 for kernel c6535e4d-7eb1-4599-a925-74e0ee3ffc35
[I 18:26:48.527 NotebookApp] Restoring connection for c6535e4d-7eb1-4599-a925-74e0ee3ffc35:EE7B13FAA3A6440D8D877BE786DB9FF2
[I 18:26:48.527 NotebookApp] Replaying 6 buffered messages
2018-03-19 18:26:55.236399: I tensorflow/core/platform/cpu_feature_guard.cc:137] Your CPU supports instructions that this TensorFlow binary was not compiled to use: SSE4.2 AVX
[I 18:28:08.471 NotebookApp] Saving file at /机器学习/tensorflow-深入MNIST.ipynb
[I 18:28:15.720 NotebookApp] Kernel interrupted: c6535e4d-7eb1-4599-a925-74e0ee3ffc35
[I 18:28:20.291 NotebookApp] Starting buffering for c6535e4d-7eb1-4599-a925-74e0ee3ffc35:EE7B13FAA3A6440D8D877BE786DB9FF2
[I 18:28:21.238 NotebookApp] Kernel restarted: c6535e4d-7eb1-4599-a925-74e0ee3ffc35
[I 18:28:22.052 NotebookApp] Adapting to protocol v5.1 for kernel c6535e4d-7eb1-4599-a925-74e0ee3ffc35
[I 18:28:22.053 NotebookApp] Restoring connection for c6535e4d-7eb1-4599-a925-74e0ee3ffc35:EE7B13FAA3A6440D8D877BE786DB9FF2
[I 18:28:22.054 NotebookApp] Replaying 6 buffered messages
[I 18:28:31.172 NotebookApp] Saving file at /机器学习/tensorflow-深入MNIST.ipynb
[I 18:28:32.240 NotebookApp] Saving file at /机器学习/tensorflow-深入MNIST.ipynb
2018-03-19 18:28:39.082624: I tensorflow/core/platform/cpu_feature_guard.cc:137] Your CPU supports instructions that this TensorFlow binary was not compiled to use: SSE4.2 AVX
[I 18:30:08.469 NotebookApp] Saving file at /机器学习/tensorflow-深入MNIST.ipynb
[I 18:32:08.543 NotebookApp] Saving file at /机器学习/tensorflow-深入MNIST.ipynb
[I 20:34:01.339 NotebookApp] Saving file at /机器学习/tensorflow-深入MNIST.ipynb
[I 00:35:49.445 NotebookApp] Saving file at /机器学习/tensorflow-深入MNIST.ipynb
[I 04:37:37.492 NotebookApp] Saving file at /机器学习/tensorflow-深入MNIST.ipynb
[I 09:14:27.064 NotebookApp] Saving file at /机器学习/tensorflow-深入MNIST.ipynb
[I 09:15:13.501 NotebookApp] Saving file at /机器学习/tensorflow-深入MNIST.ipynb
[I 09:16:25.704 NotebookApp] Saving file at /机器学习/tensorflow-深入MNIST.ipynb
[I 09:18:25.703 NotebookApp] Saving file at /机器学习/tensorflow-深入MNIST.ipynb
[I 09:20:25.701 NotebookApp] Saving file at /机器学习/tensorflow-深入MNIST.ipynb
[I 09:22:25.695 NotebookApp] Saving file at /机器学习/tensorflow-深入MNIST.ipynb
[I 09:24:12.875 NotebookApp] Starting buffering for c6535e4d-7eb1-4599-a925-74e0ee3ffc35:EE7B13FAA3A6440D8D877BE786DB9FF2
[I 09:24:18.041 NotebookApp] Kernel restarted: c6535e4d-7eb1-4599-a925-74e0ee3ffc35
[I 09:24:19.169 NotebookApp] Adapting to protocol v5.1 for kernel c6535e4d-7eb1-4599-a925-74e0ee3ffc35
[I 09:24:19.170 NotebookApp] Restoring connection for c6535e4d-7eb1-4599-a925-74e0ee3ffc35:EE7B13FAA3A6440D8D877BE786DB9FF2
[I 09:24:19.171 NotebookApp] Replaying 3 buffered messages
2018-03-20 09:24:24.207507: I tensorflow/core/platform/cpu_feature_guard.cc:137] Your CPU supports instructions that this TensorFlow binary was not compiled to use: SSE4.2 AVX
[I 09:24:25.693 NotebookApp] Saving file at /机器学习/tensorflow-深入MNIST.ipynb
[I 09:26:25.798 NotebookApp] Saving file at /机器学习/tensorflow-深入MNIST.ipynb
[W 09:26:54.771 NotebookApp] 404 GET /i18n/zh-CN/LC_MESSAGES/nbjs.json?v=20180319113320 (::1) 2.97ms referer=http://localhost:8888/notebooks/%E6%9C%BA%E5%99%A8%E5%AD%A6%E4%B9%A0/%E5%8D%B7%E7%A7%AF%E7%A5%9E%E7%BB%8F%E7%BD%91%E7%BB%9C.ipynb
[W 09:26:54.849 NotebookApp] 404 GET /static/components/moment/locale/zh-cn.js?v=20180319113320 (::1) 3.55ms referer=http://localhost:8888/notebooks/%E6%9C%BA%E5%99%A8%E5%AD%A6%E4%B9%A0/%E5%8D%B7%E7%A7%AF%E7%A5%9E%E7%BB%8F%E7%BD%91%E7%BB%9C.ipynb
[W 09:26:54.857 NotebookApp] 404 GET /nbextensions/widgets/notebook/js/extension.js?v=20180319113320 (::1) 2.80ms referer=http://localhost:8888/notebooks/%E6%9C%BA%E5%99%A8%E5%AD%A6%E4%B9%A0/%E5%8D%B7%E7%A7%AF%E7%A5%9E%E7%BB%8F%E7%BD%91%E7%BB%9C.ipynb
[I 09:26:55.928 NotebookApp] Adapting to protocol v5.1 for kernel a2595ace-35f6-4914-920c-22f5961d19a6
[W 09:26:56.884 NotebookApp] 404 GET /i18n/zh-CN/LC_MESSAGES/nbjs.json?v=20180319113320 (::1) 1.84ms referer=http://localhost:8888/notebooks/%E6%9C%BA%E5%99%A8%E5%AD%A6%E4%B9%A0/%E5%8D%B7%E7%A7%AF%E7%A5%9E%E7%BB%8F%E7%BD%91%E7%BB%9C.ipynb
[W 09:26:56.918 NotebookApp] 404 GET /static/components/moment/locale/zh-cn.js?v=20180319113320 (::1) 2.08ms referer=http://localhost:8888/notebooks/%E6%9C%BA%E5%99%A8%E5%AD%A6%E4%B9%A0/%E5%8D%B7%E7%A7%AF%E7%A5%9E%E7%BB%8F%E7%BD%91%E7%BB%9C.ipynb
[W 09:26:56.953 NotebookApp] 404 GET /nbextensions/widgets/notebook/js/extension.js?v=20180319113320 (::1) 2.38ms referer=http://localhost:8888/notebooks/%E6%9C%BA%E5%99%A8%E5%AD%A6%E4%B9%A0/%E5%8D%B7%E7%A7%AF%E7%A5%9E%E7%BB%8F%E7%BD%91%E7%BB%9C.ipynb
[I 09:26:58.133 NotebookApp] Adapting to protocol v5.1 for kernel a2595ace-35f6-4914-920c-22f5961d19a6
[I 09:28:25.799 NotebookApp] Saving file at /机器学习/tensorflow-深入MNIST.ipynb
[I 09:28:58.808 NotebookApp] Saving file at /机器学习/卷积神经网络.ipynb
[I 09:30:25.799 NotebookApp] Saving file at /机器学习/tensorflow-深入MNIST.ipynb
[I 09:31:29.868 NotebookApp] Saving file at /工具学习/python.ipynb
[I 09:32:25.793 NotebookApp] Saving file at /机器学习/tensorflow-深入MNIST.ipynb
[I 09:33:29.861 NotebookApp] Saving file at /工具学习/python.ipynb
[I 09:33:34.225 NotebookApp] Saving file at /工具学习/python.ipynb
[W 09:33:53.835 NotebookApp] 404 GET /i18n/zh-CN/LC_MESSAGES/nbjs.json?v=20180319113320 (::1) 1.90ms referer=http://localhost:8888/notebooks/%E6%9C%BA%E5%99%A8%E5%AD%A6%E4%B9%A0/tensorflow-%E6%B7%B1%E5%85%A5MNIST.ipynb
[W 09:33:53.865 NotebookApp] 404 GET /static/components/moment/locale/zh-cn.js?v=20180319113320 (::1) 1.97ms referer=http://localhost:8888/notebooks/%E6%9C%BA%E5%99%A8%E5%AD%A6%E4%B9%A0/tensorflow-%E6%B7%B1%E5%85%A5MNIST.ipynb
[W 09:33:54.835 NotebookApp] 404 GET /nbextensions/widgets/notebook/js/extension.js?v=20180319113320 (::1) 2.16ms referer=http://localhost:8888/notebooks/%E6%9C%BA%E5%99%A8%E5%AD%A6%E4%B9%A0/tensorflow-%E6%B7%B1%E5%85%A5MNIST.ipynb
[I 09:33:54.928 NotebookApp] Adapting to protocol v5.1 for kernel c6535e4d-7eb1-4599-a925-74e0ee3ffc35
[I 09:34:25.795 NotebookApp] Saving file at /机器学习/tensorflow-深入MNIST.ipynb
[I 09:34:29.543 NotebookApp] Kernel interrupted: c6535e4d-7eb1-4599-a925-74e0ee3ffc35
[I 09:34:36.767 NotebookApp] Kernel restarted: c6535e4d-7eb1-4599-a925-74e0ee3ffc35
[I 09:34:37.577 NotebookApp] Adapting to protocol v5.1 for kernel c6535e4d-7eb1-4599-a925-74e0ee3ffc35
2018-03-20 09:34:58.567272: I tensorflow/core/platform/cpu_feature_guard.cc:137] Your CPU supports instructions that this TensorFlow binary was not compiled to use: SSE4.2 AVX
[I 09:35:59.818 NotebookApp] Saving file at /机器学习/tensorflow-深入MNIST.ipynb
[I 09:37:56.580 NotebookApp] Saving file at /机器学习/tensorflow-深入MNIST.ipynb
[I 09:39:56.577 NotebookApp] Saving file at /机器学习/tensorflow-深入MNIST.ipynb
[I 09:41:56.575 NotebookApp] Saving file at /机器学习/tensorflow-深入MNIST.ipynb
[I 09:43:56.291 NotebookApp] Saving file at /机器学习/tensorflow-深入MNIST.ipynb
[I 09:44:07.530 NotebookApp] Creating new notebook in /工具学习
[W 09:44:08.318 NotebookApp] 404 GET /i18n/zh-CN/LC_MESSAGES/nbjs.json?v=20180319113320 (::1) 3.45ms referer=http://localhost:8888/notebooks/%E5%B7%A5%E5%85%B7%E5%AD%A6%E4%B9%A0/Untitled.ipynb?kernel_name=python3
[W 09:44:08.339 NotebookApp] 404 GET /static/components/moment/locale/zh-cn.js?v=20180319113320 (::1) 2.09ms referer=http://localhost:8888/notebooks/%E5%B7%A5%E5%85%B7%E5%AD%A6%E4%B9%A0/Untitled.ipynb?kernel_name=python3
[I 09:44:08.489 NotebookApp] Kernel started: cc1eb333-035f-4fd1-ac21-7283991a3e71
[W 09:44:08.525 NotebookApp] 404 GET /nbextensions/widgets/notebook/js/extension.js?v=20180319113320 (::1) 4.13ms referer=http://localhost:8888/notebooks/%E5%B7%A5%E5%85%B7%E5%AD%A6%E4%B9%A0/Untitled.ipynb?kernel_name=python3
[I 09:44:10.425 NotebookApp] Adapting to protocol v5.1 for kernel cc1eb333-035f-4fd1-ac21-7283991a3e71
[I 09:45:56.291 NotebookApp] Saving file at /机器学习/tensorflow-深入MNIST.ipynb
[I 09:46:08.514 NotebookApp] Saving file at /工具学习/tensorflow.ipynb
[I 09:47:56.290 NotebookApp] Saving file at /机器学习/tensorflow-深入MNIST.ipynb
[I 09:48:08.511 NotebookApp] Saving file at /工具学习/tensorflow.ipynb
[I 09:49:56.288 NotebookApp] Saving file at /机器学习/tensorflow-深入MNIST.ipynb
[I 09:50:08.507 NotebookApp] Saving file at /工具学习/tensorflow.ipynb
[I 09:52:08.505 NotebookApp] Saving file at /工具学习/tensorflow.ipynb
2018-03-20 09:57:43.832819: I tensorflow/core/platform/cpu_feature_guard.cc:137] Your CPU supports instructions that this TensorFlow binary was not compiled to use: SSE4.2 AVX
[I 09:58:08.502 NotebookApp] Saving file at /工具学习/tensorflow.ipynb
[I 10:00:08.500 NotebookApp] Saving file at /工具学习/tensorflow.ipynb
[I 10:02:08.497 NotebookApp] Saving file at /工具学习/tensorflow.ipynb
[I 10:04:08.492 NotebookApp] Saving file at /工具学习/tensorflow.ipynb
[I 10:06:08.492 NotebookApp] Saving file at /工具学习/tensorflow.ipynb
[I 10:08:08.493 NotebookApp] Saving file at /工具学习/tensorflow.ipynb
[I 10:10:08.487 NotebookApp] Saving file at /工具学习/tensorflow.ipynb
[I 10:12:08.489 NotebookApp] Saving file at /工具学习/tensorflow.ipynb
[I 10:14:08.485 NotebookApp] Saving file at /工具学习/tensorflow.ipynb
[I 10:15:56.125 NotebookApp] Saving file at /机器学习/tensorflow-深入MNIST.ipynb
[I 10:16:09.307 NotebookApp] Saving file at /工具学习/tensorflow.ipynb
[I 10:16:16.855 NotebookApp] Saving file at /机器学习/tensorflow-深入MNIST.ipynb
[I 10:17:41.781 NotebookApp] Saving file at /机器学习/tensorflow-深入MNIST.ipynb
[I 10:17:56.263 NotebookApp] Saving file at /机器学习/tensorflow-深入MNIST.ipynb
[I 10:18:08.486 NotebookApp] Saving file at /工具学习/tensorflow.ipynb
[W 10:18:30.164 NotebookApp] 404 GET /i18n/zh-CN/LC_MESSAGES/nbjs.json?v=20180319113320 (::1) 2.03ms referer=http://localhost:8888/notebooks/%E6%9C%BA%E5%99%A8%E5%AD%A6%E4%B9%A0/tensorflow-MNIST%E6%9C%BA%E5%99%A8%E5%AD%A6%E4%B9%A0%E5%85%A5%E9%97%A8.ipynb
[W 10:18:30.169 NotebookApp] 404 GET /static/components/moment/locale/zh-cn.js?v=20180319113320 (::1) 1.99ms referer=http://localhost:8888/notebooks/%E6%9C%BA%E5%99%A8%E5%AD%A6%E4%B9%A0/tensorflow-MNIST%E6%9C%BA%E5%99%A8%E5%AD%A6%E4%B9%A0%E5%85%A5%E9%97%A8.ipynb
[W 10:18:30.219 NotebookApp] 404 GET /nbextensions/widgets/notebook/js/extension.js?v=20180319113320 (::1) 2.41ms referer=http://localhost:8888/notebooks/%E6%9C%BA%E5%99%A8%E5%AD%A6%E4%B9%A0/tensorflow-MNIST%E6%9C%BA%E5%99%A8%E5%AD%A6%E4%B9%A0%E5%85%A5%E9%97%A8.ipynb
[I 10:18:31.085 NotebookApp] Adapting to protocol v5.1 for kernel d06d8bfb-26a4-49ed-824c-d6f7f492f722
[I 10:19:56.271 NotebookApp] Saving file at /机器学习/tensorflow-深入MNIST.ipynb
[I 10:20:08.485 NotebookApp] Saving file at /工具学习/tensorflow.ipynb
[I 10:21:56.264 NotebookApp] Saving file at /机器学习/tensorflow-深入MNIST.ipynb
[I 10:22:08.478 NotebookApp] Saving file at /工具学习/tensorflow.ipynb
[I 10:23:56.262 NotebookApp] Saving file at /机器学习/tensorflow-深入MNIST.ipynb
[I 10:24:08.475 NotebookApp] Saving file at /工具学习/tensorflow.ipynb
[I 10:25:56.264 NotebookApp] Saving file at /机器学习/tensorflow-深入MNIST.ipynb
[I 10:26:08.472 NotebookApp] Saving file at /工具学习/tensorflow.ipynb
[I 10:27:56.259 NotebookApp] Saving file at /机器学习/tensorflow-深入MNIST.ipynb
[I 10:28:08.475 NotebookApp] Saving file at /工具学习/tensorflow.ipynb
[I 10:29:56.256 NotebookApp] Saving file at /机器学习/tensorflow-深入MNIST.ipynb
[I 10:30:08.472 NotebookApp] Saving file at /工具学习/tensorflow.ipynb
[I 10:31:56.250 NotebookApp] Saving file at /机器学习/tensorflow-深入MNIST.ipynb
[I 10:32:08.471 NotebookApp] Saving file at /工具学习/tensorflow.ipynb
[I 11:26:08.417 NotebookApp] Saving file at /工具学习/tensorflow.ipynb
[I 11:53:18.642 NotebookApp] Starting buffering for d06d8bfb-26a4-49ed-824c-d6f7f492f722:97DC6CF3FB5C4A3B8E9F0173734C4798
[I 11:53:42.054 NotebookApp] Starting buffering for c6535e4d-7eb1-4599-a925-74e0ee3ffc35:E80E7F295C394EC8851CA1883A8E07BD
